Arguments: 
  /usr/local/bin/node /usr/local/Cellar/yarn/0.27.5_1/libexec/bin/yarn.js add discordjs

PATH: 
  /Users/johnceloria/.rvm/gems/ruby-2.4.0/bin:/Users/johnceloria/.rvm/gems/ruby-2.4.0@global/bin:/Users/johnceloria/.rvm/rubies/ruby-2.4.0/bin:/Library/Frameworks/Python.framework/Versions/3.5/bin:/Library/Frameworks/Python.framework/Versions/3.5/bin:/usr/local/bin:/usr/local/sbin:/usr/local/mysql/bin:/usr/local/bin:/usr/bin:/bin:/usr/sbin:/sbin:/Applications/Postgres.app/Contents/Versions/latest/bin:/Users/johnceloria/.rvm/gems/ruby-2.4.0/bin:/Users/johnceloria/.rvm/gems/ruby-2.4.0@global/bin:/Users/johnceloria/.rvm/rubies/ruby-2.4.0/bin:/Library/Frameworks/Python.framework/Versions/3.5/bin:/usr/local/sbin:/usr/local/mysql/bin:/Users/johnceloria/.rvm/bin:/Users/johnceloria/.composer/vendor/bin:/Users/johnceloria/.composer/vendor/bin

Yarn version: 
  0.27.5

Node version: 
  9.5.0

Platform: 
  darwin x64

npm manifest: 
  {
    "name": "discord-votes",
    "version": "0.0.1",
    "description": "This bot will let users call for votes on anything they like!",
    "main": "./build/index.js",
    "scripts": {
      "test": "echo \"Error: no test specified\" && exit 1"
    },
    "author": "John Celoria",
    "license": "MIT",
    "dependencies": {
      "dotenv": "^6.0.0"
    }
  }

yarn manifest: 
  No manifest

Lockfile: 
  # THIS IS AN AUTOGENERATED FILE. DO NOT EDIT THIS FILE DIRECTLY.
  # yarn lockfile v1
  
  
  dotenv@^6.0.0:
    version "6.0.0"
    resolved "https://registry.yarnpkg.com/dotenv/-/dotenv-6.0.0.tgz#24e37c041741c5f4b25324958ebbc34bca965935"

Trace: 
  Error: https://registry.yarnpkg.com/discordjs: Not found
      at Request.params.callback [as _callback] (/usr/local/Cellar/yarn/0.27.5_1/libexec/lib/yarn-cli.js:58200:18)
      at Request.self.callback (/usr/local/Cellar/yarn/0.27.5_1/libexec/lib/yarn-cli.js:114242:22)
      at Request.emit (events.js:160:13)
      at Request.<anonymous> (/usr/local/Cellar/yarn/0.27.5_1/libexec/lib/yarn-cli.js:115225:10)
      at Request.emit (events.js:160:13)
      at IncomingMessage.<anonymous> (/usr/local/Cellar/yarn/0.27.5_1/libexec/lib/yarn-cli.js:115145:12)
      at Object.onceWrapper (events.js:255:19)
      at IncomingMessage.emit (events.js:165:20)
      at endReadableNT (_stream_readable.js:1101:12)
      at process._tickCallback (internal/process/next_tick.js:152:19)
